<?xml version="1.0" encoding="UTF-8"?>
<testsuite xmlns:xsi="http://www.w3.org/2001/XMLSchema-instance" xsi:noNamespaceSchemaLocation="https://maven.apache.org/surefire/maven-surefire-plugin/xsd/surefire-test-report-3.0.xsd" version="3.0" name="org.bonespirito.LambdaHandlerTest" time="2.83" tests="1" errors="0" skipped="0" failures="0">
  <properties>
    <property name="gopherProxySet" value="false"/>
    <property name="awt.toolkit" value="sun.lwawt.macosx.LWCToolkit"/>
    <property name="java.specification.version" value="11"/>
    <property name="sun.cpu.isalist" value=""/>
    <property name="test.url" value="http://localhost:8081"/>
    <property name="sun.jnu.encoding" value="UTF-8"/>
    <property name="java.class.path" value="/Users/gbonespirito/Development/aws/lambda/quarkus-aws-lambda/target/test-classes:/Users/gbonespirito/Development/aws/lambda/quarkus-aws-lambda/target/classes:/Users/gbonespirito/.m2/repository/io/quarkus/quarkus-amazon-lambda/2.3.0.Final/quarkus-amazon-lambda-2.3.0.Final.jar:/Users/gbonespirito/.m2/repository/io/quarkus/quarkus-amazon-lambda-common/2.3.0.Final/quarkus-amazon-lambda-common-2.3.0.Final.jar:/Users/gbonespirito/.m2/repository/com/amazonaws/aws-lambda-java-core/1.2.1/aws-lambda-java-core-1.2.1.jar:/Users/gbonespirito/.m2/repository/com/amazonaws/aws-lambda-java-events/3.10.0/aws-lambda-java-events-3.10.0.jar:/Users/gbonespirito/.m2/repository/io/quarkus/quarkus-arc/2.3.0.Final/quarkus-arc-2.3.0.Final.jar:/Users/gbonespirito/.m2/repository/io/quarkus/arc/arc/2.3.0.Final/arc-2.3.0.Final.jar:/Users/gbonespirito/.m2/repository/jakarta/transaction/jakarta.transaction-api/1.3.3/jakarta.transaction-api-1.3.3.jar:/Users/gbonespirito/.m2/repository/org/eclipse/microprofile/context-propagation/microprofile-context-propagation-api/1.2/microprofile-context-propagation-api-1.2.jar:/Users/gbonespirito/.m2/repository/io/quarkus/quarkus-jackson/2.3.0.Final/quarkus-jackson-2.3.0.Final.jar:/Users/gbonespirito/.m2/repository/com/fasterxml/jackson/core/jackson-databind/2.12.5/jackson-databind-2.12.5.jar:/Users/gbonespirito/.m2/repository/com/fasterxml/jackson/datatype/jackson-datatype-jsr310/2.12.5/jackson-datatype-jsr310-2.12.5.jar:/Users/gbonespirito/.m2/repository/com/fasterxml/jackson/datatype/jackson-datatype-jdk8/2.12.5/jackson-datatype-jdk8-2.12.5.jar:/Users/gbonespirito/.m2/repository/com/fasterxml/jackson/module/jackson-module-parameter-names/2.12.5/jackson-module-parameter-names-2.12.5.jar:/Users/gbonespirito/.m2/repository/com/fasterxml/jackson/datatype/jackson-datatype-joda/2.12.5/jackson-datatype-joda-2.12.5.jar:/Users/gbonespirito/.m2/repository/com/fasterxml/jackson/core/jackson-annotations/2.12.5/jackson-annotations-2.12.5.jar:/Users/gbonespirito/.m2/repository/com/fasterxml/jackson/core/jackson-core/2.12.5/jackson-core-2.12.5.jar:/Users/gbonespirito/.m2/repository/joda-time/joda-time/2.10.8/joda-time-2.10.8.jar:/Users/gbonespirito/.m2/repository/io/rest-assured/rest-assured/4.4.0/rest-assured-4.4.0.jar:/Users/gbonespirito/.m2/repository/org/codehaus/groovy/groovy/3.0.8/groovy-3.0.8.jar:/Users/gbonespirito/.m2/repository/org/codehaus/groovy/groovy-xml/3.0.8/groovy-xml-3.0.8.jar:/Users/gbonespirito/.m2/repository/org/apache/httpcomponents/httpclient/4.5.13/httpclient-4.5.13.jar:/Users/gbonespirito/.m2/repository/org/apache/httpcomponents/httpcore/4.4.14/httpcore-4.4.14.jar:/Users/gbonespirito/.m2/repository/commons-codec/commons-codec/1.15/commons-codec-1.15.jar:/Users/gbonespirito/.m2/repository/org/apache/httpcomponents/httpmime/4.5.13/httpmime-4.5.13.jar:/Users/gbonespirito/.m2/repository/org/hamcrest/hamcrest/2.1/hamcrest-2.1.jar:/Users/gbonespirito/.m2/repository/org/ccil/cowan/tagsoup/tagsoup/1.2.1/tagsoup-1.2.1.jar:/Users/gbonespirito/.m2/repository/io/rest-assured/json-path/4.4.0/json-path-4.4.0.jar:/Users/gbonespirito/.m2/repository/org/codehaus/groovy/groovy-json/3.0.8/groovy-json-3.0.8.jar:/Users/gbonespirito/.m2/repository/io/rest-assured/rest-assured-common/4.4.0/rest-assured-common-4.4.0.jar:/Users/gbonespirito/.m2/repository/io/rest-assured/xml-path/4.4.0/xml-path-4.4.0.jar:/Users/gbonespirito/.m2/repository/org/apache/commons/commons-lang3/3.12.0/commons-lang3-3.12.0.jar:/Users/gbonespirito/.m2/repository/jakarta/xml/bind/jakarta.xml.bind-api/2.3.3/jakarta.xml.bind-api-2.3.3.jar:/Users/gbonespirito/.m2/repository/com/sun/xml/bind/jaxb-impl/2.3.3/jaxb-impl-2.3.3.jar:/Users/gbonespirito/.m2/repository/io/quarkus/quarkus-junit5/2.3.0.Final/quarkus-junit5-2.3.0.Final.jar:/Users/gbonespirito/.m2/repository/io/quarkus/quarkus-bootstrap-core/2.3.0.Final/quarkus-bootstrap-core-2.3.0.Final.jar:/Users/gbonespirito/.m2/repository/io/quarkus/quarkus-bootstrap-app-model/2.3.0.Final/quarkus-bootstrap-app-model-2.3.0.Final.jar:/Users/gbonespirito/.m2/repository/io/quarkus/quarkus-bootstrap-maven-resolver/2.3.0.Final/quarkus-bootstrap-maven-resolver-2.3.0.Final.jar:/Users/gbonespirito/.m2/repository/org/apache/maven/maven-embedder/3.8.1/maven-embedder-3.8.1.jar:/Users/gbonespirito/.m2/repository/org/apache/maven/maven-settings/3.8.1/maven-settings-3.8.1.jar:/Users/gbonespirito/.m2/repository/org/apache/maven/maven-core/3.8.1/maven-core-3.8.1.jar:/Users/gbonespirito/.m2/repository/org/apache/maven/maven-artifact/3.8.1/maven-artifact-3.8.1.jar:/Users/gbonespirito/.m2/repository/org/codehaus/plexus/plexus-component-annotations/2.1.0/plexus-component-annotations-2.1.0.jar:/Users/gbonespirito/.m2/repository/org/apache/maven/maven-plugin-api/3.8.1/maven-plugin-api-3.8.1.jar:/Users/gbonespirito/.m2/repository/org/apache/maven/maven-model/3.8.1/maven-model-3.8.1.jar:/Users/gbonespirito/.m2/repository/org/apache/maven/maven-model-builder/3.8.1/maven-model-builder-3.8.1.jar:/Users/gbonespirito/.m2/repository/org/apache/maven/maven-builder-support/3.8.1/maven-builder-support-3.8.1.jar:/Users/gbonespirito/.m2/repository/org/apache/maven/resolver/maven-resolver-api/1.6.2/maven-resolver-api-1.6.2.jar:/Users/gbonespirito/.m2/repository/org/apache/maven/resolver/maven-resolver-util/1.6.2/maven-resolver-util-1.6.2.jar:/Users/gbonespirito/.m2/repository/org/apache/maven/shared/maven-shared-utils/3.3.3/maven-shared-utils-3.3.3.jar:/Users/gbonespirito/.m2/repository/commons-io/commons-io/2.11.0/commons-io-2.11.0.jar:/Users/gbonespirito/.m2/repository/com/google/inject/guice/4.2.1/guice-4.2.1-no_aop.jar:/Users/gbonespirito/.m2/repository/com/google/guava/guava/30.1.1-jre/guava-30.1.1-jre.jar:/Users/gbonespirito/.m2/repository/com/google/guava/failureaccess/1.0.1/failureaccess-1.0.1.jar:/Users/gbonespirito/.m2/repository/com/google/guava/listenablefuture/9999.0-empty-to-avoid-conflict-with-guava/listenablefuture-9999.0-empty-to-avoid-conflict-with-guava.jar:/Users/gbonespirito/.m2/repository/org/codehaus/plexus/plexus-utils/3.2.1/plexus-utils-3.2.1.jar:/Users/gbonespirito/.m2/repository/org/codehaus/plexus/plexus-classworlds/2.6.0/plexus-classworlds-2.6.0.jar:/Users/gbonespirito/.m2/repository/commons-cli/commons-cli/1.4/commons-cli-1.4.jar:/Users/gbonespirito/.m2/repository/org/eclipse/sisu/org.eclipse.sisu.plexus/0.3.4/org.eclipse.sisu.plexus-0.3.4.jar:/Users/gbonespirito/.m2/repository/org/apache/maven/maven-settings-builder/3.8.1/maven-settings-builder-3.8.1.jar:/Users/gbonespirito/.m2/repository/org/codehaus/plexus/plexus-interpolation/1.25/plexus-interpolation-1.25.jar:/Users/gbonespirito/.m2/repository/org/sonatype/plexus/plexus-sec-dispatcher/1.4/plexus-sec-dispatcher-1.4.jar:/Users/gbonespirito/.m2/repository/org/sonatype/plexus/plexus-cipher/1.4/plexus-cipher-1.4.jar:/Users/gbonespirito/.m2/repository/org/apache/maven/maven-resolver-provider/3.8.1/maven-resolver-provider-3.8.1.jar:/Users/gbonespirito/.m2/repository/org/apache/maven/maven-repository-metadata/3.8.1/maven-repository-metadata-3.8.1.jar:/Users/gbonespirito/.m2/repository/org/apache/maven/resolver/maven-resolver-spi/1.6.2/maven-resolver-spi-1.6.2.jar:/Users/gbonespirito/.m2/repository/org/apache/maven/resolver/maven-resolver-impl/1.6.2/maven-resolver-impl-1.6.2.jar:/Users/gbonespirito/.m2/repository/org/apache/maven/resolver/maven-resolver-connector-basic/1.6.2/maven-resolver-connector-basic-1.6.2.jar:/Users/gbonespirito/.m2/repository/org/apache/maven/resolver/maven-resolver-transport-wagon/1.6.2/maven-resolver-transport-wagon-1.6.2.jar:/Users/gbonespirito/.m2/repository/org/apache/maven/wagon/wagon-http/3.4.3/wagon-http-3.4.3.jar:/Users/gbonespirito/.m2/repository/org/apache/maven/wagon/wagon-http-shared/3.4.3/wagon-http-shared-3.4.3.jar:/Users/gbonespirito/.m2/repository/org/jsoup/jsoup/1.12.1/jsoup-1.12.1.jar:/Users/gbonespirito/.m2/repository/org/apache/maven/wagon/wagon-provider-api/3.4.3/wagon-provider-api-3.4.3.jar:/Users/gbonespirito/.m2/repository/org/apache/maven/wagon/wagon-file/3.4.3/wagon-file-3.4.3.jar:/Users/gbonespirito/.m2/repository/io/quarkus/quarkus-bootstrap-gradle-resolver/2.3.0.Final/quarkus-bootstrap-gradle-resolver-2.3.0.Final.jar:/Users/gbonespirito/.m2/repository/io/smallrye/common/smallrye-common-io/1.6.0/smallrye-common-io-1.6.0.jar:/Users/gbonespirito/.m2/repository/org/eclipse/sisu/org.eclipse.sisu.inject/0.3.4/org.eclipse.sisu.inject-0.3.4.jar:/Users/gbonespirito/.m2/repository/io/quarkus/quarkus-test-common/2.3.0.Final/quarkus-test-common-2.3.0.Final.jar:/Users/gbonespirito/.m2/repository/io/quarkus/quarkus-core-deployment/2.3.0.Final/quarkus-core-deployment-2.3.0.Final.jar:/Users/gbonespirito/.m2/repository/org/aesh/readline/2.1/readline-2.1.jar:/Users/gbonespirito/.m2/repository/org/fusesource/jansi/jansi/1.18/jansi-1.18.jar:/Users/gbonespirito/.m2/repository/io/quarkus/gizmo/gizmo/1.0.9.Final/gizmo-1.0.9.Final.jar:/Users/gbonespirito/.m2/repository/org/ow2/asm/asm-util/9.1/asm-util-9.1.jar:/Users/gbonespirito/.m2/repository/org/ow2/asm/asm/9.1/asm-9.1.jar:/Users/gbonespirito/.m2/repository/org/ow2/asm/asm-commons/9.1/asm-commons-9.1.jar:/Users/gbonespirito/.m2/repository/org/ow2/asm/asm-tree/9.1/asm-tree-9.1.jar:/Users/gbonespirito/.m2/repository/org/ow2/asm/asm-analysis/9.1/asm-analysis-9.1.jar:/Users/gbonespirito/.m2/repository/io/quarkus/quarkus-class-change-agent/2.3.0.Final/quarkus-class-change-agent-2.3.0.Final.jar:/Users/gbonespirito/.m2/repository/io/quarkus/quarkus-devtools-utilities/2.3.0.Final/quarkus-devtools-utilities-2.3.0.Final.jar:/Users/gbonespirito/.m2/repository/io/quarkus/quarkus-builder/2.3.0.Final/quarkus-builder-2.3.0.Final.jar:/Users/gbonespirito/.m2/repository/org/junit/platform/junit-platform-launcher/1.8.0/junit-platform-launcher-1.8.0.jar:/Users/gbonespirito/.m2/repository/io/quarkus/quarkus-jsonp-deployment/2.3.0.Final/quarkus-jsonp-deployment-2.3.0.Final.jar:/Users/gbonespirito/.m2/repository/io/quarkus/quarkus-jsonp/2.3.0.Final/quarkus-jsonp-2.3.0.Final.jar:/Users/gbonespirito/.m2/repository/org/glassfish/jakarta.json/1.1.6/jakarta.json-1.1.6.jar:/Users/gbonespirito/.m2/repository/org/jboss/jandex/2.4.0.Final/jandex-2.4.0.Final.jar:/Users/gbonespirito/.m2/repository/org/jboss/logging/commons-logging-jboss-logging/1.0.0.Final/commons-logging-jboss-logging-1.0.0.Final.jar:/Users/gbonespirito/.m2/repository/org/junit/jupiter/junit-jupiter/5.8.0/junit-jupiter-5.8.0.jar:/Users/gbonespirito/.m2/repository/org/junit/jupiter/junit-jupiter-api/5.8.0/junit-jupiter-api-5.8.0.jar:/Users/gbonespirito/.m2/repository/org/opentest4j/opentest4j/1.2.0/opentest4j-1.2.0.jar:/Users/gbonespirito/.m2/repository/org/junit/platform/junit-platform-commons/1.8.0/junit-platform-commons-1.8.0.jar:/Users/gbonespirito/.m2/repository/org/apiguardian/apiguardian-api/1.1.2/apiguardian-api-1.1.2.jar:/Users/gbonespirito/.m2/repository/org/junit/jupiter/junit-jupiter-params/5.8.0/junit-jupiter-params-5.8.0.jar:/Users/gbonespirito/.m2/repository/org/junit/jupiter/junit-jupiter-engine/5.8.0/junit-jupiter-engine-5.8.0.jar:/Users/gbonespirito/.m2/repository/org/junit/platform/junit-platform-engine/1.8.0/junit-platform-engine-1.8.0.jar:/Users/gbonespirito/.m2/repository/io/quarkus/quarkus-core/2.3.0.Final/quarkus-core-2.3.0.Final.jar:/Users/gbonespirito/.m2/repository/jakarta/annotation/jakarta.annotation-api/1.3.5/jakarta.annotation-api-1.3.5.jar:/Users/gbonespirito/.m2/repository/jakarta/enterprise/jakarta.enterprise.cdi-api/2.0.2/jakarta.enterprise.cdi-api-2.0.2.jar:/Users/gbonespirito/.m2/repository/jakarta/el/jakarta.el-api/3.0.3/jakarta.el-api-3.0.3.jar:/Users/gbonespirito/.m2/repository/jakarta/interceptor/jakarta.interceptor-api/1.2.5/jakarta.interceptor-api-1.2.5.jar:/Users/gbonespirito/.m2/repository/jakarta/inject/jakarta.inject-api/1.0/jakarta.inject-api-1.0.jar:/Users/gbonespirito/.m2/repository/io/quarkus/quarkus-ide-launcher/2.3.0.Final/quarkus-ide-launcher-2.3.0.Final.jar:/Users/gbonespirito/.m2/repository/io/quarkus/quarkus-development-mode-spi/2.3.0.Final/quarkus-development-mode-spi-2.3.0.Final.jar:/Users/gbonespirito/.m2/repository/io/smallrye/config/smallrye-config/2.5.1/smallrye-config-2.5.1.jar:/Users/gbonespirito/.m2/repository/io/smallrye/config/smallrye-config-core/2.5.1/smallrye-config-core-2.5.1.jar:/Users/gbonespirito/.m2/repository/org/eclipse/microprofile/config/microprofile-config-api/2.0/microprofile-config-api-2.0.jar:/Users/gbonespirito/.m2/repository/io/smallrye/common/smallrye-common-annotation/1.6.0/smallrye-common-annotation-1.6.0.jar:/Users/gbonespirito/.m2/repository/io/smallrye/common/smallrye-common-expression/1.6.0/smallrye-common-expression-1.6.0.jar:/Users/gbonespirito/.m2/repository/io/smallrye/common/smallrye-common-function/1.6.0/smallrye-common-function-1.6.0.jar:/Users/gbonespirito/.m2/repository/io/smallrye/common/smallrye-common-constraint/1.6.0/smallrye-common-constraint-1.6.0.jar:/Users/gbonespirito/.m2/repository/io/smallrye/common/smallrye-common-classloader/1.6.0/smallrye-common-classloader-1.6.0.jar:/Users/gbonespirito/.m2/repository/io/smallrye/config/smallrye-config-common/2.5.1/smallrye-config-common-2.5.1.jar:/Users/gbonespirito/.m2/repository/org/jboss/logging/jboss-logging/3.4.2.Final/jboss-logging-3.4.2.Final.jar:/Users/gbonespirito/.m2/repository/org/jboss/logmanager/jboss-logmanager-embedded/1.0.9/jboss-logmanager-embedded-1.0.9.jar:/Users/gbonespirito/.m2/repository/org/jboss/logging/jboss-logging-annotations/2.2.1.Final/jboss-logging-annotations-2.2.1.Final.jar:/Users/gbonespirito/.m2/repository/org/jboss/threads/jboss-threads/3.4.2.Final/jboss-threads-3.4.2.Final.jar:/Users/gbonespirito/.m2/repository/org/slf4j/slf4j-api/1.7.30/slf4j-api-1.7.30.jar:/Users/gbonespirito/.m2/repository/org/jboss/slf4j/slf4j-jboss-logmanager/1.1.0.Final/slf4j-jboss-logmanager-1.1.0.Final.jar:/Users/gbonespirito/.m2/repository/org/graalvm/sdk/graal-sdk/21.2.0/graal-sdk-21.2.0.jar:/Users/gbonespirito/.m2/repository/org/wildfly/common/wildfly-common/1.5.4.Final-format-001/wildfly-common-1.5.4.Final-format-001.jar:/Users/gbonespirito/.m2/repository/io/quarkus/quarkus-bootstrap-runner/2.3.0.Final/quarkus-bootstrap-runner-2.3.0.Final.jar:/Users/gbonespirito/.m2/repository/com/thoughtworks/xstream/xstream/1.4.18/xstream-1.4.18.jar:/Users/gbonespirito/.m2/repository/io/github/x-stream/mxparser/1.2.2/mxparser-1.2.2.jar:/Users/gbonespirito/.m2/repository/xmlpull/xmlpull/1.1.3.1/xmlpull-1.1.3.1.jar:"/>
    <property name="java.vm.vendor" value="BellSoft"/>
    <property name="sun.arch.data.model" value="64"/>
    <property name="java.vendor.url" value="https://bell-sw.com/"/>
    <property name="user.timezone" value="America/Sao_Paulo"/>
    <property name="java.vm.specification.version" value="11"/>
    <property name="os.name" value="Mac OS X"/>
    <property name="sun.java.launcher" value="SUN_STANDARD"/>
    <property name="user.country" value="BR"/>
    <property name="sun.boot.library.path" value="/Users/gbonespirito/Library/Java/JavaVirtualMachines/liberica-11.0.12/lib"/>
    <property name="sun.java.command" value="/Users/gbonespirito/Development/aws/lambda/quarkus-aws-lambda/target/surefire/surefirebooter14181035116008995632.jar /Users/gbonespirito/Development/aws/lambda/quarkus-aws-lambda/target/surefire 2021-10-10T09-54-08_519-jvmRun1 surefire15755617378503865986tmp surefire_04327544759852149087tmp"/>
    <property name="http.nonProxyHosts" value="local|*.local|169.254/16|*.169.254/16"/>
    <property name="jdk.debug" value="release"/>
    <property name="maven.home" value="/Applications/IntelliJ IDEA.app/Contents/plugins/maven/lib/maven3"/>
    <property name="surefire.test.class.path" value="/Users/gbonespirito/Development/aws/lambda/quarkus-aws-lambda/target/test-classes:/Users/gbonespirito/Development/aws/lambda/quarkus-aws-lambda/target/classes:/Users/gbonespirito/.m2/repository/io/quarkus/quarkus-amazon-lambda/2.3.0.Final/quarkus-amazon-lambda-2.3.0.Final.jar:/Users/gbonespirito/.m2/repository/io/quarkus/quarkus-amazon-lambda-common/2.3.0.Final/quarkus-amazon-lambda-common-2.3.0.Final.jar:/Users/gbonespirito/.m2/repository/com/amazonaws/aws-lambda-java-core/1.2.1/aws-lambda-java-core-1.2.1.jar:/Users/gbonespirito/.m2/repository/com/amazonaws/aws-lambda-java-events/3.10.0/aws-lambda-java-events-3.10.0.jar:/Users/gbonespirito/.m2/repository/io/quarkus/quarkus-arc/2.3.0.Final/quarkus-arc-2.3.0.Final.jar:/Users/gbonespirito/.m2/repository/io/quarkus/arc/arc/2.3.0.Final/arc-2.3.0.Final.jar:/Users/gbonespirito/.m2/repository/jakarta/transaction/jakarta.transaction-api/1.3.3/jakarta.transaction-api-1.3.3.jar:/Users/gbonespirito/.m2/repository/org/eclipse/microprofile/context-propagation/microprofile-context-propagation-api/1.2/microprofile-context-propagation-api-1.2.jar:/Users/gbonespirito/.m2/repository/io/quarkus/quarkus-jackson/2.3.0.Final/quarkus-jackson-2.3.0.Final.jar:/Users/gbonespirito/.m2/repository/com/fasterxml/jackson/core/jackson-databind/2.12.5/jackson-databind-2.12.5.jar:/Users/gbonespirito/.m2/repository/com/fasterxml/jackson/datatype/jackson-datatype-jsr310/2.12.5/jackson-datatype-jsr310-2.12.5.jar:/Users/gbonespirito/.m2/repository/com/fasterxml/jackson/datatype/jackson-datatype-jdk8/2.12.5/jackson-datatype-jdk8-2.12.5.jar:/Users/gbonespirito/.m2/repository/com/fasterxml/jackson/module/jackson-module-parameter-names/2.12.5/jackson-module-parameter-names-2.12.5.jar:/Users/gbonespirito/.m2/repository/com/fasterxml/jackson/datatype/jackson-datatype-joda/2.12.5/jackson-datatype-joda-2.12.5.jar:/Users/gbonespirito/.m2/repository/com/fasterxml/jackson/core/jackson-annotations/2.12.5/jackson-annotations-2.12.5.jar:/Users/gbonespirito/.m2/repository/com/fasterxml/jackson/core/jackson-core/2.12.5/jackson-core-2.12.5.jar:/Users/gbonespirito/.m2/repository/joda-time/joda-time/2.10.8/joda-time-2.10.8.jar:/Users/gbonespirito/.m2/repository/io/rest-assured/rest-assured/4.4.0/rest-assured-4.4.0.jar:/Users/gbonespirito/.m2/repository/org/codehaus/groovy/groovy/3.0.8/groovy-3.0.8.jar:/Users/gbonespirito/.m2/repository/org/codehaus/groovy/groovy-xml/3.0.8/groovy-xml-3.0.8.jar:/Users/gbonespirito/.m2/repository/org/apache/httpcomponents/httpclient/4.5.13/httpclient-4.5.13.jar:/Users/gbonespirito/.m2/repository/org/apache/httpcomponents/httpcore/4.4.14/httpcore-4.4.14.jar:/Users/gbonespirito/.m2/repository/commons-codec/commons-codec/1.15/commons-codec-1.15.jar:/Users/gbonespirito/.m2/repository/org/apache/httpcomponents/httpmime/4.5.13/httpmime-4.5.13.jar:/Users/gbonespirito/.m2/repository/org/hamcrest/hamcrest/2.1/hamcrest-2.1.jar:/Users/gbonespirito/.m2/repository/org/ccil/cowan/tagsoup/tagsoup/1.2.1/tagsoup-1.2.1.jar:/Users/gbonespirito/.m2/repository/io/rest-assured/json-path/4.4.0/json-path-4.4.0.jar:/Users/gbonespirito/.m2/repository/org/codehaus/groovy/groovy-json/3.0.8/groovy-json-3.0.8.jar:/Users/gbonespirito/.m2/repository/io/rest-assured/rest-assured-common/4.4.0/rest-assured-common-4.4.0.jar:/Users/gbonespirito/.m2/repository/io/rest-assured/xml-path/4.4.0/xml-path-4.4.0.jar:/Users/gbonespirito/.m2/repository/org/apache/commons/commons-lang3/3.12.0/commons-lang3-3.12.0.jar:/Users/gbonespirito/.m2/repository/jakarta/xml/bind/jakarta.xml.bind-api/2.3.3/jakarta.xml.bind-api-2.3.3.jar:/Users/gbonespirito/.m2/repository/com/sun/xml/bind/jaxb-impl/2.3.3/jaxb-impl-2.3.3.jar:/Users/gbonespirito/.m2/repository/io/quarkus/quarkus-junit5/2.3.0.Final/quarkus-junit5-2.3.0.Final.jar:/Users/gbonespirito/.m2/repository/io/quarkus/quarkus-bootstrap-core/2.3.0.Final/quarkus-bootstrap-core-2.3.0.Final.jar:/Users/gbonespirito/.m2/repository/io/quarkus/quarkus-bootstrap-app-model/2.3.0.Final/quarkus-bootstrap-app-model-2.3.0.Final.jar:/Users/gbonespirito/.m2/repository/io/quarkus/quarkus-bootstrap-maven-resolver/2.3.0.Final/quarkus-bootstrap-maven-resolver-2.3.0.Final.jar:/Users/gbonespirito/.m2/repository/org/apache/maven/maven-embedder/3.8.1/maven-embedder-3.8.1.jar:/Users/gbonespirito/.m2/repository/org/apache/maven/maven-settings/3.8.1/maven-settings-3.8.1.jar:/Users/gbonespirito/.m2/repository/org/apache/maven/maven-core/3.8.1/maven-core-3.8.1.jar:/Users/gbonespirito/.m2/repository/org/apache/maven/maven-artifact/3.8.1/maven-artifact-3.8.1.jar:/Users/gbonespirito/.m2/repository/org/codehaus/plexus/plexus-component-annotations/2.1.0/plexus-component-annotations-2.1.0.jar:/Users/gbonespirito/.m2/repository/org/apache/maven/maven-plugin-api/3.8.1/maven-plugin-api-3.8.1.jar:/Users/gbonespirito/.m2/repository/org/apache/maven/maven-model/3.8.1/maven-model-3.8.1.jar:/Users/gbonespirito/.m2/repository/org/apache/maven/maven-model-builder/3.8.1/maven-model-builder-3.8.1.jar:/Users/gbonespirito/.m2/repository/org/apache/maven/maven-builder-support/3.8.1/maven-builder-support-3.8.1.jar:/Users/gbonespirito/.m2/repository/org/apache/maven/resolver/maven-resolver-api/1.6.2/maven-resolver-api-1.6.2.jar:/Users/gbonespirito/.m2/repository/org/apache/maven/resolver/maven-resolver-util/1.6.2/maven-resolver-util-1.6.2.jar:/Users/gbonespirito/.m2/repository/org/apache/maven/shared/maven-shared-utils/3.3.3/maven-shared-utils-3.3.3.jar:/Users/gbonespirito/.m2/repository/commons-io/commons-io/2.11.0/commons-io-2.11.0.jar:/Users/gbonespirito/.m2/repository/com/google/inject/guice/4.2.1/guice-4.2.1-no_aop.jar:/Users/gbonespirito/.m2/repository/com/google/guava/guava/30.1.1-jre/guava-30.1.1-jre.jar:/Users/gbonespirito/.m2/repository/com/google/guava/failureaccess/1.0.1/failureaccess-1.0.1.jar:/Users/gbonespirito/.m2/repository/com/google/guava/listenablefuture/9999.0-empty-to-avoid-conflict-with-guava/listenablefuture-9999.0-empty-to-avoid-conflict-with-guava.jar:/Users/gbonespirito/.m2/repository/org/codehaus/plexus/plexus-utils/3.2.1/plexus-utils-3.2.1.jar:/Users/gbonespirito/.m2/repository/org/codehaus/plexus/plexus-classworlds/2.6.0/plexus-classworlds-2.6.0.jar:/Users/gbonespirito/.m2/repository/commons-cli/commons-cli/1.4/commons-cli-1.4.jar:/Users/gbonespirito/.m2/repository/org/eclipse/sisu/org.eclipse.sisu.plexus/0.3.4/org.eclipse.sisu.plexus-0.3.4.jar:/Users/gbonespirito/.m2/repository/org/apache/maven/maven-settings-builder/3.8.1/maven-settings-builder-3.8.1.jar:/Users/gbonespirito/.m2/repository/org/codehaus/plexus/plexus-interpolation/1.25/plexus-interpolation-1.25.jar:/Users/gbonespirito/.m2/repository/org/sonatype/plexus/plexus-sec-dispatcher/1.4/plexus-sec-dispatcher-1.4.jar:/Users/gbonespirito/.m2/repository/org/sonatype/plexus/plexus-cipher/1.4/plexus-cipher-1.4.jar:/Users/gbonespirito/.m2/repository/org/apache/maven/maven-resolver-provider/3.8.1/maven-resolver-provider-3.8.1.jar:/Users/gbonespirito/.m2/repository/org/apache/maven/maven-repository-metadata/3.8.1/maven-repository-metadata-3.8.1.jar:/Users/gbonespirito/.m2/repository/org/apache/maven/resolver/maven-resolver-spi/1.6.2/maven-resolver-spi-1.6.2.jar:/Users/gbonespirito/.m2/repository/org/apache/maven/resolver/maven-resolver-impl/1.6.2/maven-resolver-impl-1.6.2.jar:/Users/gbonespirito/.m2/repository/org/apache/maven/resolver/maven-resolver-connector-basic/1.6.2/maven-resolver-connector-basic-1.6.2.jar:/Users/gbonespirito/.m2/repository/org/apache/maven/resolver/maven-resolver-transport-wagon/1.6.2/maven-resolver-transport-wagon-1.6.2.jar:/Users/gbonespirito/.m2/repository/org/apache/maven/wagon/wagon-http/3.4.3/wagon-http-3.4.3.jar:/Users/gbonespirito/.m2/repository/org/apache/maven/wagon/wagon-http-shared/3.4.3/wagon-http-shared-3.4.3.jar:/Users/gbonespirito/.m2/repository/org/jsoup/jsoup/1.12.1/jsoup-1.12.1.jar:/Users/gbonespirito/.m2/repository/org/apache/maven/wagon/wagon-provider-api/3.4.3/wagon-provider-api-3.4.3.jar:/Users/gbonespirito/.m2/repository/org/apache/maven/wagon/wagon-file/3.4.3/wagon-file-3.4.3.jar:/Users/gbonespirito/.m2/repository/io/quarkus/quarkus-bootstrap-gradle-resolver/2.3.0.Final/quarkus-bootstrap-gradle-resolver-2.3.0.Final.jar:/Users/gbonespirito/.m2/repository/io/smallrye/common/smallrye-common-io/1.6.0/smallrye-common-io-1.6.0.jar:/Users/gbonespirito/.m2/repository/org/eclipse/sisu/org.eclipse.sisu.inject/0.3.4/org.eclipse.sisu.inject-0.3.4.jar:/Users/gbonespirito/.m2/repository/io/quarkus/quarkus-test-common/2.3.0.Final/quarkus-test-common-2.3.0.Final.jar:/Users/gbonespirito/.m2/repository/io/quarkus/quarkus-core-deployment/2.3.0.Final/quarkus-core-deployment-2.3.0.Final.jar:/Users/gbonespirito/.m2/repository/org/aesh/readline/2.1/readline-2.1.jar:/Users/gbonespirito/.m2/repository/org/fusesource/jansi/jansi/1.18/jansi-1.18.jar:/Users/gbonespirito/.m2/repository/io/quarkus/gizmo/gizmo/1.0.9.Final/gizmo-1.0.9.Final.jar:/Users/gbonespirito/.m2/repository/org/ow2/asm/asm-util/9.1/asm-util-9.1.jar:/Users/gbonespirito/.m2/repository/org/ow2/asm/asm/9.1/asm-9.1.jar:/Users/gbonespirito/.m2/repository/org/ow2/asm/asm-commons/9.1/asm-commons-9.1.jar:/Users/gbonespirito/.m2/repository/org/ow2/asm/asm-tree/9.1/asm-tree-9.1.jar:/Users/gbonespirito/.m2/repository/org/ow2/asm/asm-analysis/9.1/asm-analysis-9.1.jar:/Users/gbonespirito/.m2/repository/io/quarkus/quarkus-class-change-agent/2.3.0.Final/quarkus-class-change-agent-2.3.0.Final.jar:/Users/gbonespirito/.m2/repository/io/quarkus/quarkus-devtools-utilities/2.3.0.Final/quarkus-devtools-utilities-2.3.0.Final.jar:/Users/gbonespirito/.m2/repository/io/quarkus/quarkus-builder/2.3.0.Final/quarkus-builder-2.3.0.Final.jar:/Users/gbonespirito/.m2/repository/org/junit/platform/junit-platform-launcher/1.8.0/junit-platform-launcher-1.8.0.jar:/Users/gbonespirito/.m2/repository/io/quarkus/quarkus-jsonp-deployment/2.3.0.Final/quarkus-jsonp-deployment-2.3.0.Final.jar:/Users/gbonespirito/.m2/repository/io/quarkus/quarkus-jsonp/2.3.0.Final/quarkus-jsonp-2.3.0.Final.jar:/Users/gbonespirito/.m2/repository/org/glassfish/jakarta.json/1.1.6/jakarta.json-1.1.6.jar:/Users/gbonespirito/.m2/repository/org/jboss/jandex/2.4.0.Final/jandex-2.4.0.Final.jar:/Users/gbonespirito/.m2/repository/org/jboss/logging/commons-logging-jboss-logging/1.0.0.Final/commons-logging-jboss-logging-1.0.0.Final.jar:/Users/gbonespirito/.m2/repository/org/junit/jupiter/junit-jupiter/5.8.0/junit-jupiter-5.8.0.jar:/Users/gbonespirito/.m2/repository/org/junit/jupiter/junit-jupiter-api/5.8.0/junit-jupiter-api-5.8.0.jar:/Users/gbonespirito/.m2/repository/org/opentest4j/opentest4j/1.2.0/opentest4j-1.2.0.jar:/Users/gbonespirito/.m2/repository/org/junit/platform/junit-platform-commons/1.8.0/junit-platform-commons-1.8.0.jar:/Users/gbonespirito/.m2/repository/org/apiguardian/apiguardian-api/1.1.2/apiguardian-api-1.1.2.jar:/Users/gbonespirito/.m2/repository/org/junit/jupiter/junit-jupiter-params/5.8.0/junit-jupiter-params-5.8.0.jar:/Users/gbonespirito/.m2/repository/org/junit/jupiter/junit-jupiter-engine/5.8.0/junit-jupiter-engine-5.8.0.jar:/Users/gbonespirito/.m2/repository/org/junit/platform/junit-platform-engine/1.8.0/junit-platform-engine-1.8.0.jar:/Users/gbonespirito/.m2/repository/io/quarkus/quarkus-core/2.3.0.Final/quarkus-core-2.3.0.Final.jar:/Users/gbonespirito/.m2/repository/jakarta/annotation/jakarta.annotation-api/1.3.5/jakarta.annotation-api-1.3.5.jar:/Users/gbonespirito/.m2/repository/jakarta/enterprise/jakarta.enterprise.cdi-api/2.0.2/jakarta.enterprise.cdi-api-2.0.2.jar:/Users/gbonespirito/.m2/repository/jakarta/el/jakarta.el-api/3.0.3/jakarta.el-api-3.0.3.jar:/Users/gbonespirito/.m2/repository/jakarta/interceptor/jakarta.interceptor-api/1.2.5/jakarta.interceptor-api-1.2.5.jar:/Users/gbonespirito/.m2/repository/jakarta/inject/jakarta.inject-api/1.0/jakarta.inject-api-1.0.jar:/Users/gbonespirito/.m2/repository/io/quarkus/quarkus-ide-launcher/2.3.0.Final/quarkus-ide-launcher-2.3.0.Final.jar:/Users/gbonespirito/.m2/repository/io/quarkus/quarkus-development-mode-spi/2.3.0.Final/quarkus-development-mode-spi-2.3.0.Final.jar:/Users/gbonespirito/.m2/repository/io/smallrye/config/smallrye-config/2.5.1/smallrye-config-2.5.1.jar:/Users/gbonespirito/.m2/repository/io/smallrye/config/smallrye-config-core/2.5.1/smallrye-config-core-2.5.1.jar:/Users/gbonespirito/.m2/repository/org/eclipse/microprofile/config/microprofile-config-api/2.0/microprofile-config-api-2.0.jar:/Users/gbonespirito/.m2/repository/io/smallrye/common/smallrye-common-annotation/1.6.0/smallrye-common-annotation-1.6.0.jar:/Users/gbonespirito/.m2/repository/io/smallrye/common/smallrye-common-expression/1.6.0/smallrye-common-expression-1.6.0.jar:/Users/gbonespirito/.m2/repository/io/smallrye/common/smallrye-common-function/1.6.0/smallrye-common-function-1.6.0.jar:/Users/gbonespirito/.m2/repository/io/smallrye/common/smallrye-common-constraint/1.6.0/smallrye-common-constraint-1.6.0.jar:/Users/gbonespirito/.m2/repository/io/smallrye/common/smallrye-common-classloader/1.6.0/smallrye-common-classloader-1.6.0.jar:/Users/gbonespirito/.m2/repository/io/smallrye/config/smallrye-config-common/2.5.1/smallrye-config-common-2.5.1.jar:/Users/gbonespirito/.m2/repository/org/jboss/logging/jboss-logging/3.4.2.Final/jboss-logging-3.4.2.Final.jar:/Users/gbonespirito/.m2/repository/org/jboss/logmanager/jboss-logmanager-embedded/1.0.9/jboss-logmanager-embedded-1.0.9.jar:/Users/gbonespirito/.m2/repository/org/jboss/logging/jboss-logging-annotations/2.2.1.Final/jboss-logging-annotations-2.2.1.Final.jar:/Users/gbonespirito/.m2/repository/org/jboss/threads/jboss-threads/3.4.2.Final/jboss-threads-3.4.2.Final.jar:/Users/gbonespirito/.m2/repository/org/slf4j/slf4j-api/1.7.30/slf4j-api-1.7.30.jar:/Users/gbonespirito/.m2/repository/org/jboss/slf4j/slf4j-jboss-logmanager/1.1.0.Final/slf4j-jboss-logmanager-1.1.0.Final.jar:/Users/gbonespirito/.m2/repository/org/graalvm/sdk/graal-sdk/21.2.0/graal-sdk-21.2.0.jar:/Users/gbonespirito/.m2/repository/org/wildfly/common/wildfly-common/1.5.4.Final-format-001/wildfly-common-1.5.4.Final-format-001.jar:/Users/gbonespirito/.m2/repository/io/quarkus/quarkus-bootstrap-runner/2.3.0.Final/quarkus-bootstrap-runner-2.3.0.Final.jar:/Users/gbonespirito/.m2/repository/com/thoughtworks/xstream/xstream/1.4.18/xstream-1.4.18.jar:/Users/gbonespirito/.m2/repository/io/github/x-stream/mxparser/1.2.2/mxparser-1.2.2.jar:/Users/gbonespirito/.m2/repository/xmlpull/xmlpull/1.1.3.1/xmlpull-1.1.3.1.jar:"/>
    <property name="sun.cpu.endian" value="little"/>
    <property name="user.home" value="/Users/gbonespirito"/>
    <property name="user.language" value="en"/>
    <property name="java.specification.vendor" value="Oracle Corporation"/>
    <property name="java.version.date" value="2021-07-20"/>
    <property name="java.home" value="/Users/gbonespirito/Library/Java/JavaVirtualMachines/liberica-11.0.12"/>
    <property name="file.separator" value="/"/>
    <property name="basedir" value="/Users/gbonespirito/Development/aws/lambda/quarkus-aws-lambda"/>
    <property name="java.vm.compressedOopsMode" value="Zero based"/>
    <property name="line.separator" value="&#10;"/>
    <property name="java.specification.name" value="Java Platform API Specification"/>
    <property name="java.vm.specification.vendor" value="Oracle Corporation"/>
    <property name="java.awt.graphicsenv" value="sun.awt.CGraphicsEnvironment"/>
    <property name="surefire.real.class.path" value="/Users/gbonespirito/Development/aws/lambda/quarkus-aws-lambda/target/surefire/surefirebooter14181035116008995632.jar"/>
    <property name="sun.management.compiler" value="HotSpot 64-Bit Tiered Compilers"/>
    <property name="ftp.nonProxyHosts" value="local|*.local|169.254/16|*.169.254/16"/>
    <property name="java.runtime.version" value="11.0.12+7-LTS"/>
    <property name="user.name" value="gbonespirito"/>
    <property name="path.separator" value=":"/>
    <property name="os.version" value="11.6"/>
    <property name="java.runtime.name" value="OpenJDK Runtime Environment"/>
    <property name="file.encoding" value="UTF-8"/>
    <property name="sun.nio.ch.bugLevel" value=""/>
    <property name="java.vm.name" value="OpenJDK 64-Bit Server VM"/>
    <property name="localRepository" value="/Users/gbonespirito/.m2/repository"/>
    <property name="java.vendor.url.bug" value="https://bell-sw.com/support"/>
    <property name="java.io.tmpdir" value="/var/folders/1y/c92wfnw94tlbgk4x88n9p7m80000gn/T/"/>
    <property name="quarkus.log.file.path" value="target/quarkus.log"/>
    <property name="idea.version" value="2021.2.1"/>
    <property name="java.version" value="11.0.12"/>
    <property name="user.dir" value="/Users/gbonespirito/Development/aws/lambda/quarkus-aws-lambda"/>
    <property name="os.arch" value="aarch64"/>
    <property name="java.vm.specification.name" value="Java Virtual Machine Specification"/>
    <property name="java.awt.printerjob" value="sun.lwawt.macosx.CPrinterJob"/>
    <property name="sun.os.patch.level" value="unknown"/>
    <property name="java.util.logging.manager" value="org.jboss.logmanager.LogManager"/>
    <property name="java.library.path" value="/Users/gbonespirito/Library/Java/Extensions:/Library/Java/Extensions:/Network/Library/Java/Extensions:/System/Library/Java/Extensions:/usr/lib/java:."/>
    <property name="java.vm.info" value="mixed mode"/>
    <property name="java.vendor" value="BellSoft"/>
    <property name="java.vm.version" value="11.0.12+7-LTS"/>
    <property name="sun.io.unicode.encoding" value="UnicodeBig"/>
    <property name="java.class.version" value="55.0"/>
    <property name="socksNonProxyHosts" value="local|*.local|169.254/16|*.169.254/16"/>
  </properties>
  <testcase name="testSimpleLambdaSuccess" classname="org.bonespirito.LambdaHandlerTest" time="0.228">
    <system-out><![CDATA[Downloading from central: https://repo.maven.apache.org/maven2/io/quarkus/quarkus-bom-quarkus-platform-properties/2.3.0.Final/quarkus-bom-quarkus-platform-properties-2.3.0.Final.properties
Progress (1): quarkus-bom-quarkus-platform-properties-2.3.0.Final.properties (90 B)                                                                                   Downloaded from central: https://repo.maven.apache.org/maven2/io/quarkus/quarkus-bom-quarkus-platform-properties/2.3.0.Final/quarkus-bom-quarkus-platform-properties-2.3.0.Final.properties (90 B at 87 B/s)
2021-10-10 09:54:11,966 INFO  [io.qua.ama.lam.run.MockEventServer] (build-19) Mock Lambda Event Server Started
2021-10-10 09:54:12,247 INFO  [io.qua.ama.lam.run.AbstractLambdaPollLoop] (Lambda Thread (TEST)) Listening on: http://localhost:8081/_lambda_/2018-06-01/runtime/invocation/next
2021-10-10 09:54:12,253 INFO  [io.quarkus] (main) Quarkus 2.3.0.Final on JVM started in 0.702s. 
2021-10-10 09:54:12,254 INFO  [io.quarkus] (main) Profile test activated. 
2021-10-10 09:54:12,254 INFO  [io.quarkus] (main) Installed features: [amazon-lambda, cdi]
]]></system-out>
  </testcase>
</testsuite>